<?xml version="1.0" encoding="UTF-8"?>
<!-- Generated by org.testng.reporters.JUnitReportReporter -->
<testsuite hostname="EkAnk" failures="0" tests="1" name="tests.reviewProduct_test" time="28.200" errors="0" timestamp="2024-06-03T18:44:02 IST" skipped="0">
  <testcase classname="tests.reviewProduct_test" name="TC_021" time="28.200"/>
  <system-out/>
</testsuite> <!-- tests.reviewProduct_test -->
