<?xml version="1.0" encoding="UTF-8"?>
<!-- Generated by org.testng.reporters.JUnitReportReporter -->
<testsuite hostname="EkAnk" failures="0" tests="1" name="tests.contactUsForm_test" time="30.389" errors="0" timestamp="2024-05-29T18:24:11 IST" skipped="0">
  <testcase classname="tests.contactUsForm_test" name="TC_006" time="30.389"/>
  <system-out/>
</testsuite> <!-- tests.contactUsForm_test -->
