<?xml version="1.0" encoding="UTF-8"?>
<!-- Generated by org.testng.reporters.JUnitReportReporter -->
<testsuite hostname="EkAnk" failures="0" tests="1" name="tests.RegisterUser_tests" time="83.500" errors="0" timestamp="2024-06-07T14:08:21 IST" skipped="0">
  <testcase classname="tests.RegisterUser_tests" name="TC_001" time="83.500"/>
  <system-out/>
</testsuite> <!-- tests.RegisterUser_tests -->
