<?xml version="1.0" encoding="UTF-8"?>
<!-- Generated by org.testng.reporters.JUnitReportReporter -->
<testsuite hostname="EkAnk" failures="0" tests="4" name="tests.CompareProducts_tests" time="32.186" errors="0" timestamp="2024-05-17T10:45:06 IST" skipped="0">
  <testcase classname="tests.CompareProducts_tests" name="TC_014" time="5.838"/>
  <system-out/>
  <testcase classname="tests.CompareProducts_tests" name="TC_015" time="0.200"/>
  <system-out/>
  <testcase classname="tests.CompareProducts_tests" name="TC_013" time="13.383"/>
  <system-out/>
  <testcase classname="tests.CompareProducts_tests" name="TC_016" time="12.765"/>
  <system-out/>
</testsuite> <!-- tests.CompareProducts_tests -->
