<?xml version="1.0" encoding="UTF-8"?>
<!-- Generated by org.testng.reporters.JUnitReportReporter -->
<testsuite hostname="EkAnk" failures="0" tests="1" name="tests.WhatsNew_tests" time="4.497" errors="0" timestamp="2024-05-17T10:45:06 IST" skipped="0">
  <testcase classname="tests.WhatsNew_tests" name="TC_005" time="4.497"/>
  <system-out/>
</testsuite> <!-- tests.WhatsNew_tests -->
