<?xml version="1.0" encoding="UTF-8"?>
<!-- Generated by org.testng.reporters.JUnitReportReporter -->
<testsuite hostname="EkAnk" failures="0" tests="1" name="tests.AddToCartRecommendedItems_test" time="27.522" errors="0" timestamp="2024-06-04T15:02:44 IST" skipped="0">
  <testcase classname="tests.AddToCartRecommendedItems_test" name="TC_022" time="27.522"/>
  <system-out/>
</testsuite> <!-- tests.AddToCartRecommendedItems_test -->
