<?xml version="1.0" encoding="UTF-8"?>
<!-- Generated by org.testng.reporters.JUnitReportReporter -->
<testsuite hostname="EkAnk" failures="0" tests="1" name="tests.viewCategoryAndBrandProducts_test" time="57.557" errors="0" timestamp="2024-06-03T12:44:51 IST" skipped="0">
  <testcase classname="tests.viewCategoryAndBrandProducts_test" name="TC_020" time="57.557"/>
  <system-out/>
</testsuite> <!-- tests.viewCategoryAndBrandProducts_test -->
