<?xml version="1.0" encoding="UTF-8"?>
<!-- Generated by org.testng.reporters.JUnitReportReporter -->
<testsuite hostname="EkAnk" failures="0" tests="1" name="signIn_page" time="12.819" errors="0" timestamp="2024-05-06T13:12:06 IST" skipped="0">
  <testcase classname="signIn_page" name="TC_004" time="12.819"/>
  <system-out/>
</testsuite> <!-- signIn_page -->
