<?xml version="1.0" encoding="UTF-8"?>
<!-- Generated by org.testng.reporters.JUnitReportReporter -->
<testsuite hostname="EkAnk" failures="0" tests="1" name="tests.ProductDetails_test" time="25.757" errors="0" timestamp="2024-05-30T16:07:10 IST" skipped="0">
  <testcase classname="tests.ProductDetails_test" name="TC_009" time="25.757"/>
  <system-out/>
</testsuite> <!-- tests.ProductDetails_test -->
