<?xml version="1.0" encoding="UTF-8"?>
<!-- Generated by org.testng.reporters.JUnitReportReporter -->
<testsuite hostname="EkAnk" failures="0" tests="1" name="tests.ShippingAddress_Test" time="23.775" errors="0" timestamp="2024-05-10T16:34:11 IST" skipped="0">
  <testcase classname="tests.ShippingAddress_Test" name="TC_010" time="23.775"/>
  <system-out/>
</testsuite> <!-- tests.ShippingAddress_Test -->
