<?xml version="1.0" encoding="UTF-8"?>
<!-- Generated by org.testng.reporters.JUnitReportReporter -->
<testsuite hostname="EkAnk" failures="0" tests="3" name="tests.WomenTab_tests" time="13.676" errors="0" timestamp="2024-05-17T10:45:06 IST" skipped="0">
  <testcase classname="tests.WomenTab_tests" name="TC_018" time="2.723"/>
  <system-out/>
  <testcase classname="tests.WomenTab_tests" name="TC_017" time="2.214"/>
  <system-out/>
  <testcase classname="tests.WomenTab_tests" name="TC_019" time="8.739"/>
  <system-out/>
</testsuite> <!-- tests.WomenTab_tests -->
