<?xml version="1.0" encoding="UTF-8"?>
<!-- Generated by org.testng.reporters.JUnitReportReporter -->
<testsuite hostname="EkAnk" failures="0" tests="1" name="tests.SearchItem_tests" time="3.273" errors="0" timestamp="2024-05-17T10:45:06 IST" skipped="0">
  <testcase classname="tests.SearchItem_tests" name="TC_006" time="3.273"/>
  <system-out/>
</testsuite> <!-- tests.SearchItem_tests -->
