<?xml version="1.0" encoding="UTF-8"?>
<!-- Generated by org.testng.reporters.JUnitReportReporter -->
<testsuite hostname="EkAnk" failures="0" tests="2" name="tests.loginUser_tests" time="60.690" errors="0" timestamp="2024-05-29T12:46:18 IST" skipped="0">
  <testcase classname="tests.loginUser_tests" name="TC_004" time="34.618"/>
  <system-out/>
  <testcase classname="tests.loginUser_tests" name="TC_003" time="26.072"/>
  <system-out/>
</testsuite> <!-- tests.loginUser_tests -->
