<?xml version="1.0" encoding="UTF-8"?>
<!-- Generated by org.testng.reporters.JUnitReportReporter -->
<testsuite hostname="EkAnk" failures="0" tests="4" name="tests.CheckOut_tests" time="64.465" errors="0" timestamp="2024-05-17T10:45:06 IST" skipped="0">
  <testcase classname="tests.CheckOut_tests" name="TC_012" time="6.839"/>
  <system-out/>
  <testcase classname="tests.CheckOut_tests" name="TC_011" time="4.280"/>
  <system-out/>
  <testcase classname="tests.CheckOut_tests" name="TC_009" time="28.881"/>
  <system-out/>
  <testcase classname="tests.CheckOut_tests" name="TC_010" time="24.465"/>
  <system-out/>
</testsuite> <!-- tests.CheckOut_tests -->
