<?xml version="1.0" encoding="UTF-8"?>
<!-- Generated by org.testng.reporters.JUnitReportReporter -->
<testsuite hostname="EkAnk" failures="0" tests="1" name="tests.Subsciption_test" time="33.611" errors="0" timestamp="2024-05-30T17:38:00 IST" skipped="0">
  <testcase classname="tests.Subsciption_test" name="TC_011" time="33.611"/>
  <system-out/>
</testsuite> <!-- tests.Subsciption_test -->
