<?xml version="1.0" encoding="UTF-8"?>
<!-- Generated by org.testng.reporters.JUnitReportReporter -->
<testsuite hostname="EkAnk" failures="0" tests="2" name="tests.SignIn_tests" time="49.910" errors="0" timestamp="2024-05-17T10:45:06 IST" skipped="0">
  <testcase classname="tests.SignIn_tests" name="TC_003" time="25.111"/>
  <system-out/>
  <testcase classname="tests.SignIn_tests" name="TC_004" time="24.799"/>
  <system-out/>
</testsuite> <!-- tests.SignIn_tests -->
