<?xml version="1.0" encoding="UTF-8"?>
<!-- Generated by org.testng.reporters.JUnitReportReporter -->
<testsuite hostname="EkAnk" failures="0" tests="2" name="tests.AddToCart_tests" time="33.399" errors="0" timestamp="2024-05-17T10:45:06 IST" skipped="0">
  <testcase classname="tests.AddToCart_tests" name="TC_008" time="12.371"/>
  <system-out/>
  <testcase classname="tests.AddToCart_tests" name="TC_007" time="21.028"/>
  <system-out/>
</testsuite> <!-- tests.AddToCart_tests -->
