<?xml version="1.0" encoding="UTF-8"?>
<!-- Generated by org.testng.reporters.JUnitReportReporter -->
<testsuite hostname="EkAnk" failures="0" tests="3" name="tests.ProductReview_tests" time="26.183" errors="0" timestamp="2024-05-17T10:45:06 IST" skipped="0">
  <testcase classname="tests.ProductReview_tests" name="TC_024" time="6.431"/>
  <system-out/>
  <testcase classname="tests.ProductReview_tests" name="TC_026" time="9.583"/>
  <system-out/>
  <testcase classname="tests.ProductReview_tests" name="TC_025" time="10.169"/>
  <system-out/>
</testsuite> <!-- tests.ProductReview_tests -->
