<?xml version="1.0" encoding="UTF-8"?>
<!-- Generated by org.testng.reporters.JUnitReportReporter -->
<testsuite hostname="EkAnk" failures="0" tests="4" name="tests.WishList_tests" time="30.568" errors="0" timestamp="2024-05-17T10:45:06 IST" skipped="0">
  <testcase classname="tests.WishList_tests" name="TC_020" time="9.405"/>
  <system-out/>
  <testcase classname="tests.WishList_tests" name="TC_022" time="0.439"/>
  <system-out/>
  <testcase classname="tests.WishList_tests" name="TC_023" time="20.596"/>
  <system-out/>
  <testcase classname="tests.WishList_tests" name="TC_021" time="0.128"/>
  <system-out/>
</testsuite> <!-- tests.WishList_tests -->
