<?xml version="1.0" encoding="UTF-8"?>
<!-- Generated by org.testng.reporters.JUnitReportReporter -->
<testsuite hostname="EkAnk" failures="0" tests="1" name="tests.testCases_test" time="10.632" errors="0" timestamp="2024-05-29T18:56:12 IST" skipped="0">
  <testcase classname="tests.testCases_test" name="TC_007" time="10.632"/>
  <system-out/>
</testsuite> <!-- tests.testCases_test -->
